        -:    0:Source:test_viewer.c
        -:    0:Graph:test_viewer.gcno
        -:    0:Data:test_viewer.gcda
        -:    0:Runs:2
        -:    1:/*
        -:    2: * DO NOT EDIT THIS FILE. Generated by checkmk.
        -:    3: * Edit the original source file "test/headers.check" instead.
        -:    4: */
        -:    5:
        -:    6:#include <check.h>
        -:    7:#include <stdio.h>
        -:    8:#include <stdlib.h>
        -:    9:
        -:   10:#include "3d_viewer_my/affins.h"
        -:   11:#include "3d_viewer_my/obj_reader.h"
        -:   12:#define TOL 0.000001
        -:   13:#define OK 1
        1:   14:START_TEST(obj_reader_1) {
        -:   15:  vector *vectors;
        -:   16:  surface_dot *surface;
        1:   17:  int count_vector = 0, count_surface = 0;
        1:   18:  int error = obj_read("test/test_cube.obj", &vectors, &surface, &count_vector,
        -:   19:                       &count_surface);
        -:   20:  // print_vector(vectors, count_vector);
        -:   21:  // print_surface(surface, count_surface);
       1*:   22:  ck_assert_int_eq(error, OK);
       1*:   23:  ck_assert_int_eq(count_vector, 8);
       1*:   24:  ck_assert_int_eq(count_surface, 12);
        1:   25:}
        -:   26:END_TEST
        -:   27:
        2:   28:int main(void) {
        2:   29:  Suite *s1 = suite_create("Core");
        2:   30:  TCase *tc1_1 = tcase_create("Core");
        2:   31:  SRunner *sr = srunner_create(s1);
        -:   32:  int nf;
        -:   33:
        2:   34:  suite_add_tcase(s1, tc1_1);
        2:   35:  tcase_add_test(tc1_1, obj_reader_1);
        -:   36:
        2:   37:  srunner_run_all(sr, CK_ENV);
        1:   38:  nf = srunner_ntests_failed(sr);
        1:   39:  srunner_free(sr);
        -:   40:
        1:   41:  return nf == 0 ? 0 : 1;
        -:   42:}
